<?xml version="1.0" encoding="UTF-8"?>
<testsuite xmlns:xsi="http://www.w3.org/2001/XMLSchema-instance" xsi:noNamespaceSchemaLocation="https://maven.apache.org/surefire/maven-surefire-plugin/xsd/surefire-test-report-3.0.xsd" version="3.0" name="com.medtech.hospitales.services.CitaMedicaServiceTest" time="18.643" tests="2" errors="0" skipped="0" failures="0">
  <properties>
[...]
</properties>
  <testcase name="registrarCita_deberiaLanzarExcepcionCuandoYaExisteCita" classname="com.medtech.hospitales.services.CitaMedicaServiceTest" time="18.439">
    <system-err><![CDATA[abr 23, 2025 4:02:16 P. M. org.hibernate.jpa.internal.util.LogHelper logPersistenceUnitInformation
INFO: HHH000204: Processing PersistenceUnitInfo [name: HospitalesPU]
abr 23, 2025 4:02:17 P. M. org.hibernate.Version logVersion
INFO: HHH000412: Hibernate ORM core version 6.4.4.Final
abr 23, 2025 4:02:17 P. M. org.hibernate.cache.internal.RegionFactoryInitiator initiateService
INFO: HHH000026: Second-level cache disabled
abr 23, 2025 4:02:20 P. M. org.hibernate.engine.jdbc.connections.internal.DriverManagerConnectionProviderImpl configure
WARN: HHH10001002: Using built-in connection pool (not intended for production use)
abr 23, 2025 4:02:21 P. M. org.hibernate.engine.jdbc.connections.internal.DriverManagerConnectionProviderImpl buildCreator
INFO: HHH10001005: Loaded JDBC driver class: oracle.jdbc.OracleDriver
abr 23, 2025 4:02:21 P. M. org.hibernate.engine.jdbc.connections.internal.DriverManagerConnectionProviderImpl buildCreator
INFO: HHH10001012: Connecting with JDBC URL [jdbc:oracle:thin:@localhost:1521/XEPDB1]
abr 23, 2025 4:02:21 P. M. org.hibernate.engine.jdbc.connections.internal.DriverManagerConnectionProviderImpl buildCreator
INFO: HHH10001001: Connection properties: {password=****, user=HOSPITAL_BASE}
abr 23, 2025 4:02:21 P. M. org.hibernate.engine.jdbc.connections.internal.DriverManagerConnectionProviderImpl buildCreator
INFO: HHH10001003: Autocommit mode: false
abr 23, 2025 4:02:21 P. M. org.hibernate.engine.jdbc.connections.internal.DriverManagerConnectionProviderImpl$PooledConnections <init>
INFO: HHH10001115: Connection pool size: 20 (min=1)
abr 23, 2025 4:02:24 P. M. org.hibernate.dialect.Dialect checkVersion
WARN: HHH000511: The 18.0.0 version for [org.hibernate.dialect.OracleDialect] is no longer supported, hence certain features may not work properly. The minimum supported version is 19.0.0. Check the community dialects project for available legacy versions.
abr 23, 2025 4:02:24 P. M. org.hibernate.engine.jdbc.dialect.internal.DialectFactoryImpl constructDialect
WARN: HHH90000025: OracleDialect does not need to be specified explicitly using 'hibernate.dialect' (remove the property setting and it will be selected by default)
abr 23, 2025 4:02:30 P. M. org.hibernate.engine.transaction.jta.platform.internal.JtaPlatformInitiator initiateService
INFO: HHH000489: No JTA platform available (set 'hibernate.transaction.jta.platform' to enable JTA platform integration)
]]></system-err>
  </testcase>
  <testcase name="registrarCita_deberiaPersistirCitaCuandoNoHayConflicto" classname="com.medtech.hospitales.services.CitaMedicaServiceTest" time="0.045"/>
</testsuite>